<?xml version="1.0" encoding="UTF-8"?>
<!-- Generated by org.testng.reporters.JUnitReportReporter -->
<testsuite hostname="DESKTOP-UG42IG5" failures="0" tests="1" name="com.api.createAccount.UserRegisterwithExistingUser" time="0.769" errors="0" timestamp="2024-12-06T18:11:30 IST" skipped="0">
  <testcase classname="com.api.createAccount.UserRegisterwithExistingUser" name="existingUserRegister" time="0.769"/>
  <system-out/>
</testsuite> <!-- com.api.createAccount.UserRegisterwithExistingUser -->
