<?xml version="1.0" encoding="UTF-8"?>
<!-- Generated by org.testng.reporters.JUnitReportReporter -->
<testsuite hostname="DESKTOP-UG42IG5" failures="0" tests="3" name="com.api.postRequests.CreateBooking" time="2.055" errors="0" timestamp="2024-10-23T12:17:13 IST" skipped="0">
  <testcase classname="com.api.postRequests.CreateBooking" name="testCreateBooking" time="1.953"/>
  <system-out/>
  <testcase classname="com.api.postRequests.CreateBooking" name="testJsonResponse" time="0.037"/>
  <system-out/>
  <testcase classname="com.api.postRequests.CreateBooking" name="testJsonResponseUsingDeserializeResponseUsingPojo" time="0.065"/>
  <system-out/>
</testsuite> <!-- com.api.postRequests.CreateBooking -->
