<?xml version="1.0" encoding="UTF-8"?>
<!-- Generated by org.testng.reporters.JUnitReportReporter -->
<testsuite hostname="DESKTOP-UG42IG5" failures="0" tests="1" name="com.api.ping.HealthCheck" time="1.212" errors="0" timestamp="2024-10-23T12:17:13 IST" skipped="0">
  <testcase classname="com.api.ping.HealthCheck" name="testHealthCheck" time="1.212"/>
  <system-out/>
</testsuite> <!-- com.api.ping.HealthCheck -->
